[12:07:51.070173 - 25.07.19] [WARN] Method not allowed: /
[12:07:12.625740 - 25.07.19] [INFO] Listening... (MAX_EXEC_TIME=50000000)
[12:07:13.338829 - 25.07.19] [WARN] File not found: /favicon.ico
[16:07:14.960095 - 25.07.19] [INFO] Listening... (MAX_EXEC_TIME=50000000)
[16:07:18.166748 - 25.07.19] [INFO] Listening... (MAX_EXEC_TIME=50000000)
[16:07:50.487878 - 25.07.19] [WARN] File not found: /cache/
[16:07:53.641753 - 25.07.19] [WARN] File not found: /cache/
[16:07:56.778336 - 25.07.19] [WARN] File not found: /cache/
[16:07:59.908775 - 25.07.19] [WARN] File not found: /cache/
[16:07:03.041784 - 25.07.19] [WARN] File not found: /cache/
[16:07:06.172840 - 25.07.19] [WARN] File not found: /cache/
[16:07:09.300965 - 25.07.19] [WARN] File not found: /cache/
[16:07:12.435346 - 25.07.19] [WARN] File not found: /cache/
[16:07:15.563111 - 25.07.19] [WARN] File not found: /cache/
[16:07:18.695962 - 25.07.19] [WARN] File not found: /cache/
[16:07:22.067915 - 25.07.19] [WARN] File not found: /public/
[16:07:11.134044 - 25.07.19] [WARN] File not found: /public/
[16:07:15.950134 - 25.07.19] [INFO] Listening... (MAX_EXEC_TIME=50000000)
[16:07:19.081960 - 25.07.19] [INFO] Listening... (MAX_EXEC_TIME=50000000)
[16:07:22.225894 - 25.07.19] [INFO] Listening... (MAX_EXEC_TIME=50000000)
[16:07:25.360853 - 25.07.19] [INFO] Listening... (MAX_EXEC_TIME=50000000)
[16:07:28.530571 - 25.07.19] [INFO] Listening... (MAX_EXEC_TIME=50000000)
[16:07:31.661554 - 25.07.19] [INFO] Listening... (MAX_EXEC_TIME=50000000)
[16:07:34.795048 - 25.07.19] [INFO] Listening... (MAX_EXEC_TIME=50000000)
[16:07:37.927183 - 25.07.19] [INFO] Listening... (MAX_EXEC_TIME=50000000)
[16:07:41.066998 - 25.07.19] [INFO] Listening... (MAX_EXEC_TIME=50000000)
[16:07:44.198618 - 25.07.19] [INFO] Listening... (MAX_EXEC_TIME=50000000)
[16:07:47.331025 - 25.07.19] [INFO] Listening... (MAX_EXEC_TIME=50000000)
[16:07:50.465490 - 25.07.19] [INFO] Listening... (MAX_EXEC_TIME=50000000)
[16:07:53.599843 - 25.07.19] [INFO] Listening... (MAX_EXEC_TIME=50000000)
[16:07:56.730079 - 25.07.19] [INFO] Listening... (MAX_EXEC_TIME=50000000)
[16:07:59.866863 - 25.07.19] [INFO] Listening... (MAX_EXEC_TIME=50000000)
[16:07:01.426802 - 25.07.19] [WARN] File not found: /xx.txt
[16:07:04.556510 - 25.07.19] [WARN] File not found: /xx.txt
[16:07:22.892946 - 25.07.19] [WARN] File not found: /robots.txtu
[16:07:26.039760 - 25.07.19] [WARN] File not found: /robots.txtu
[16:07:29.189863 - 25.07.19] [WARN] File not found: /robots.txtu
[16:07:32.324700 - 25.07.19] [WARN] File not found: /robots.txtu
[16:07:35.466875 - 25.07.19] [WARN] File not found: /robots.txtu
[16:07:38.609043 - 25.07.19] [WARN] File not found: /robots.txtu
[16:07:41.734423 - 25.07.19] [WARN] File not found: /robots.txtu
[16:07:44.875783 - 25.07.19] [WARN] File not found: /robots.txtu
[16:07:48.014832 - 25.07.19] [WARN] File not found: /robots.txtu
[16:07:51.143891 - 25.07.19] [WARN] File not found: /robots.txtu
[16:07:54.281644 - 25.07.19] [WARN] File not found: /robots.txtu
[16:07:57.416179 - 25.07.19] [WARN] File not found: /robots.txtu
[16:07:00.547329 - 25.07.19] [WARN] File not found: /robots.txtu
[16:07:03.679493 - 25.07.19] [WARN] File not found: /robots.txtu
[18:07:22.872174 - 25.07.19] [WARN] Method not allowed: /
