[12:07:21.860439 - 21.07.19] [INFO] Listening... (MAX_EXEC_TIME=50000000)
[12:07:22.664683 - 21.07.19] [WARN] File not found: /favicon.ico
[12:07:25.661431 - 21.07.19] [INFO] Listening... (MAX_EXEC_TIME=50000000)
[12:07:26.230210 - 21.07.19] [INFO] Listening... (MAX_EXEC_TIME=50000000)
[12:07:29.002434 - 21.07.19] [INFO] Listening... (MAX_EXEC_TIME=50000000)
[12:07:32.237999 - 21.07.19] [INFO] Listening... (MAX_EXEC_TIME=50000000)
[12:07:35.443097 - 21.07.19] [INFO] Listening... (MAX_EXEC_TIME=50000000)
[17:07:06.312842 - 21.07.19] [WARN] File not found: /testx
[17:07:09.042064 - 21.07.19] [WARN] File not found: /testx4tg4e
[17:07:12.277196 - 21.07.19] [WARN] File not found: /testx4tg4e
[17:07:15.550121 - 21.07.19] [WARN] File not found: /testx4tg4e
[17:07:19.050486 - 21.07.19] [WARN] File not found: /testx4tg4e
[17:07:22.575220 - 21.07.19] [WARN] File not found: /testx4tg4e
[17:07:25.807678 - 21.07.19] [WARN] File not found: /testx4tg4e
[17:07:29.283846 - 21.07.19] [WARN] File not found: /testx4tg4e
[17:07:32.487420 - 21.07.19] [WARN] File not found: /testx4tg4e
[17:07:35.901850 - 21.07.19] [WARN] File not found: /testx4tg4e
[17:07:39.917653 - 21.07.19] [WARN] File not found: /testx4tg4e
[17:07:43.301218 - 21.07.19] [WARN] File not found: /testx
[17:07:46.580200 - 21.07.19] [WARN] File not found: /add
[17:07:48.704112 - 21.07.19] [WARN] File not found: /add/x
[17:07:50.278759 - 21.07.19] [WARN] File not found: /add/x/
[17:07:16.653490 - 21.07.19] [WARN] File not found: /add/x/x
[17:07:19.891105 - 21.07.19] [WARN] File not found: /add/x/x
[17:07:20.089874 - 21.07.19] [WARN] File not found: /add/11(x
[17:07:23.026895 - 21.07.19] [WARN] File not found: /add/11/x
[17:07:44.594545 - 21.07.19] [WARN] File not found: /add/11/5.4
[17:07:47.259955 - 21.07.19] [WARN] File not found: /add/11/5,4
[17:07:46.379974 - 21.07.19] [WARN] File not found: /add/11/7.5
[17:07:49.721062 - 21.07.19] [WARN] File not found: /add/11/7.5
